[debug] [2022-05-07T15:16:34.535Z] ----------------------------------------------------------------------
[debug] [2022-05-07T15:16:34.537Z] Command:       C:\Program Files\nodejs\node.exe C:\Users\Md. Arif Mia\AppData\Roaming\npm\node_modules\firebase-tools\lib\bin\firebase.js deploy
[debug] [2022-05-07T15:16:34.538Z] CLI Version:   10.6.0
[debug] [2022-05-07T15:16:34.538Z] Platform:      win32
[debug] [2022-05-07T15:16:34.538Z] Node Version:  v16.13.1
[debug] [2022-05-07T15:16:34.618Z] Time:          Sat May 07 2022 21:16:34 GMT+0600 (Bangladesh Standard Time)
[debug] [2022-05-07T15:16:34.619Z] ----------------------------------------------------------------------
[debug] 
[debug] [2022-05-07T15:16:34.784Z] > command requires scopes: ["email","openid","https://www.googleapis.com/auth/cloudplatformprojects.readonly","https://www.googleapis.com/auth/firebase","https://www.googleapis.com/auth/cloud-platform"]
[debug] [2022-05-07T15:16:34.785Z] > authorizing via signed-in user (arif.vtti@gmail.com)
[debug] [2022-05-07T15:16:34.785Z] [iam] checking project laptop-city-inventory for permissions ["firebase.projects.get","firebasehosting.sites.update"]
[debug] [2022-05-07T15:16:34.788Z] >>> [apiv2][query] POST https://cloudresourcemanager.googleapis.com/v1/projects/laptop-city-inventory:testIamPermissions [none]
[debug] [2022-05-07T15:16:34.789Z] >>> [apiv2][body] POST https://cloudresourcemanager.googleapis.com/v1/projects/laptop-city-inventory:testIamPermissions {"permissions":["firebase.projects.get","firebasehosting.sites.update"]}
[debug] [2022-05-07T15:16:36.681Z] <<< [apiv2][status] POST https://cloudresourcemanager.googleapis.com/v1/projects/laptop-city-inventory:testIamPermissions 200
[debug] [2022-05-07T15:16:36.681Z] <<< [apiv2][body] POST https://cloudresourcemanager.googleapis.com/v1/projects/laptop-city-inventory:testIamPermissions {"permissions":["firebase.projects.get","firebasehosting.sites.update"]}
[debug] [2022-05-07T15:16:36.683Z] >>> [apiv2][query] GET https://firebase.googleapis.com/v1beta1/projects/laptop-city-inventory [none]
[debug] [2022-05-07T15:16:38.931Z] <<< [apiv2][status] GET https://firebase.googleapis.com/v1beta1/projects/laptop-city-inventory 200
[debug] [2022-05-07T15:16:38.932Z] <<< [apiv2][body] GET https://firebase.googleapis.com/v1beta1/projects/laptop-city-inventory {"projectId":"laptop-city-inventory","projectNumber":"611412048751","displayName":"laptop-city-inventory","name":"projects/laptop-city-inventory","resources":{"hostingSite":"laptop-city-inventory"},"state":"ACTIVE"}
[info] 
[info] === Deploying to 'laptop-city-inventory'...
[info] 
[info] i  deploying hosting 
[debug] [2022-05-07T15:16:38.935Z] >>> [apiv2][query] GET https://firebase.googleapis.com/v1beta1/projects/laptop-city-inventory [none]
[debug] [2022-05-07T15:16:40.493Z] <<< [apiv2][status] GET https://firebase.googleapis.com/v1beta1/projects/laptop-city-inventory 200
[debug] [2022-05-07T15:16:40.493Z] <<< [apiv2][body] GET https://firebase.googleapis.com/v1beta1/projects/laptop-city-inventory {"projectId":"laptop-city-inventory","projectNumber":"611412048751","displayName":"laptop-city-inventory","name":"projects/laptop-city-inventory","resources":{"hostingSite":"laptop-city-inventory"},"state":"ACTIVE"}
[debug] [2022-05-07T15:16:40.495Z] >>> [apiv2][query] POST https://firebasehosting.googleapis.com/v1beta1/projects/611412048751/sites/laptop-city-inventory/versions [none]
[debug] [2022-05-07T15:16:40.496Z] >>> [apiv2][body] POST https://firebasehosting.googleapis.com/v1beta1/projects/611412048751/sites/laptop-city-inventory/versions {"config":{"rewrites":[{"glob":"**","path":"/index.html"}]},"labels":{"deployment-tool":"cli-firebase"}}
[debug] [2022-05-07T15:16:44.724Z] <<< [apiv2][status] POST https://firebasehosting.googleapis.com/v1beta1/projects/611412048751/sites/laptop-city-inventory/versions 200
[debug] [2022-05-07T15:16:44.724Z] <<< [apiv2][body] POST https://firebasehosting.googleapis.com/v1beta1/projects/611412048751/sites/laptop-city-inventory/versions {"name":"projects/611412048751/sites/laptop-city-inventory/versions/f0d09f7928a8b9d0","status":"CREATED","config":{"rewrites":[{"glob":"**","path":"/index.html"}]},"labels":{"deployment-tool":"cli-firebase"}}
[info] i  hosting[laptop-city-inventory]: beginning deploy... 
[info] i  hosting[laptop-city-inventory]: found 18 files in build 
[debug] [2022-05-07T15:16:44.739Z] [hosting] uploading with 200 concurrency
[debug] [2022-05-07T15:16:44.741Z] [hosting] hash cache [YnVpbGQ] not populated
[debug] [2022-05-07T15:16:45.462Z] [hosting] hash cache [YnVpbGQ] stored for 18 files
[debug] [2022-05-07T15:16:45.462Z] [hosting][hash queue][FINAL] {"max":709,"min":149,"avg":244,"active":0,"complete":18,"success":18,"errored":0,"retried":0,"total":18,"elapsed":721}
[debug] [2022-05-07T15:16:45.463Z] >>> [apiv2][query] POST https://firebasehosting.googleapis.com/v1beta1/projects/611412048751/sites/laptop-city-inventory/versions/f0d09f7928a8b9d0:populateFiles [none]
[debug] [2022-05-07T15:16:45.463Z] >>> [apiv2][body] POST https://firebasehosting.googleapis.com/v1beta1/projects/611412048751/sites/laptop-city-inventory/versions/f0d09f7928a8b9d0:populateFiles {"files":{"/asset-manifest.json":"d47be4064743ed233b07a9e79ca91e29a086ec0af69e21280ec62e54771c92de","/index.html":"d701bc9f3e67d37e53855f24b6b803dbbf9ec3dc74715c4f79ea9755abc7b23d","/favicon.ico":"da390454f496da134ef3072b9917c2af5ec04f8fefb54e52c963a2b4d0181696","/manifest.json":"aff3449bdc238776f5d6d967f19ec491b36aed5fb7f23ccff6500736fd58494a","/robots.txt":"bfe106a3fb878dc83461c86818bf74fc1bdc7f28538ba613cd3e775516ce8b49","/static/css/main.0ee299d1.css":"81ab9a92c3739eaa4d8d94665e55e54b2acd7d2fae49b218e6a3f6e7b31edb4c","/static/css/main.0ee299d1.css.map":"88358023161afbcbbe87bc6cbeb79facaf53fd3232b2bc2cca07c95b7ff44023","/static/js/787.06bb9d7d.chunk.js":"04f83a24e00de979be8716bd4480cd2405f9172f5390bcd50269a1d2b5f30c9d","/static/js/787.06bb9d7d.chunk.js.map":"a76bf9a55ed193a0637b26161b670d1668f47d8d229f3a9a719103acac7e19a8","/static/js/main.9a1ea7a5.js.LICENSE.txt":"55d086a38f1931f2bf1d16c1573abd4ed76e6d5fb3edd5d5f82078ac38c7573a","/logo512.png":"ee7e2f3fdb8209c4b6fd7bef6ba50d1b9dba30a25bb5c3126df057e1cb6f5331","/static/js/main.9a1ea7a5.js":"2fe91d0cd7e98900ba77807fec9a3d9f1599ea6fc124394fc78f6c2e00ac3745","/static/media/laptop-4.ce58f81d00016c8bf265.jpg":"25cd6da4843cdc98e2bf3d44c708af5c19be55dbac694b5fbaba20e31155464d","/static/media/laptop-2.835d8e2abed34c2385e5.jpg":"e3ca64a8cc8e6e0526093947aa6dbd6c3769a5ce77b56b3d933846033458e1f5","/static/media/laptop-6.af55053a039f71cf0723.jpg":"e99cc926b441eba8ad54f843c4bf6c18e1b1ac7d453e9a03ef0ff3485aa4754b","/items.json":"d8bf059e38ca75fc15b2ae54d9c04d8a3fa697049f78be38719315f3825143f0","/logo192.png":"3ee59515172ee198f3be375979df15ac5345183e656720a381b8872b2a39dc8b","/static/js/main.9a1ea7a5.js.map":"6c3fed598cddf512f7c7b07d98b36fd1107041cd7a82fd2fcf9a13be327cab48"}}
[debug] [2022-05-07T15:16:50.282Z] <<< [apiv2][status] POST https://firebasehosting.googleapis.com/v1beta1/projects/611412048751/sites/laptop-city-inventory/versions/f0d09f7928a8b9d0:populateFiles 200
[debug] [2022-05-07T15:16:50.282Z] <<< [apiv2][body] POST https://firebasehosting.googleapis.com/v1beta1/projects/611412048751/sites/laptop-city-inventory/versions/f0d09f7928a8b9d0:populateFiles {"uploadRequiredHashes":["04f83a24e00de979be8716bd4480cd2405f9172f5390bcd50269a1d2b5f30c9d","3ee59515172ee198f3be375979df15ac5345183e656720a381b8872b2a39dc8b","55d086a38f1931f2bf1d16c1573abd4ed76e6d5fb3edd5d5f82078ac38c7573a","e3ca64a8cc8e6e0526093947aa6dbd6c3769a5ce77b56b3d933846033458e1f5","ee7e2f3fdb8209c4b6fd7bef6ba50d1b9dba30a25bb5c3126df057e1cb6f5331","e99cc926b441eba8ad54f843c4bf6c18e1b1ac7d453e9a03ef0ff3485aa4754b","aff3449bdc238776f5d6d967f19ec491b36aed5fb7f23ccff6500736fd58494a","2fe91d0cd7e98900ba77807fec9a3d9f1599ea6fc124394fc78f6c2e00ac3745","d47be4064743ed233b07a9e79ca91e29a086ec0af69e21280ec62e54771c92de","25cd6da4843cdc98e2bf3d44c708af5c19be55dbac694b5fbaba20e31155464d","d8bf059e38ca75fc15b2ae54d9c04d8a3fa697049f78be38719315f3825143f0","a76bf9a55ed193a0637b26161b670d1668f47d8d229f3a9a719103acac7e19a8","bfe106a3fb878dc83461c86818bf74fc1bdc7f28538ba613cd3e775516ce8b49","d701bc9f3e67d37e53855f24b6b803dbbf9ec3dc74715c4f79ea9755abc7b23d","88358023161afbcbbe87bc6cbeb79facaf53fd3232b2bc2cca07c95b7ff44023","da390454f496da134ef3072b9917c2af5ec04f8fefb54e52c963a2b4d0181696","6c3fed598cddf512f7c7b07d98b36fd1107041cd7a82fd2fcf9a13be327cab48","81ab9a92c3739eaa4d8d94665e55e54b2acd7d2fae49b218e6a3f6e7b31edb4c"],"uploadUrl":"https://upload-firebasehosting.googleapis.com/upload/sites/laptop-city-inventory/versions/f0d09f7928a8b9d0/files"}
[debug] [2022-05-07T15:16:50.286Z] >>> [apiv2][query] POST https://upload-firebasehosting.googleapis.com/upload/sites/laptop-city-inventory/versions/f0d09f7928a8b9d0/files/04f83a24e00de979be8716bd4480cd2405f9172f5390bcd50269a1d2b5f30c9d [none]
[debug] [2022-05-07T15:16:50.286Z] >>> [apiv2][body] POST https://upload-firebasehosting.googleapis.com/upload/sites/laptop-city-inventory/versions/f0d09f7928a8b9d0/files/04f83a24e00de979be8716bd4480cd2405f9172f5390bcd50269a1d2b5f30c9d [stream]
[debug] [2022-05-07T15:16:50.287Z] >>> [apiv2][query] POST https://upload-firebasehosting.googleapis.com/upload/sites/laptop-city-inventory/versions/f0d09f7928a8b9d0/files/3ee59515172ee198f3be375979df15ac5345183e656720a381b8872b2a39dc8b [none]
[debug] [2022-05-07T15:16:50.287Z] >>> [apiv2][body] POST https://upload-firebasehosting.googleapis.com/upload/sites/laptop-city-inventory/versions/f0d09f7928a8b9d0/files/3ee59515172ee198f3be375979df15ac5345183e656720a381b8872b2a39dc8b [stream]
[debug] [2022-05-07T15:16:50.288Z] >>> [apiv2][query] POST https://upload-firebasehosting.googleapis.com/upload/sites/laptop-city-inventory/versions/f0d09f7928a8b9d0/files/55d086a38f1931f2bf1d16c1573abd4ed76e6d5fb3edd5d5f82078ac38c7573a [none]
[debug] [2022-05-07T15:16:50.289Z] >>> [apiv2][body] POST https://upload-firebasehosting.googleapis.com/upload/sites/laptop-city-inventory/versions/f0d09f7928a8b9d0/files/55d086a38f1931f2bf1d16c1573abd4ed76e6d5fb3edd5d5f82078ac38c7573a [stream]
[debug] [2022-05-07T15:16:50.290Z] >>> [apiv2][query] POST https://upload-firebasehosting.googleapis.com/upload/sites/laptop-city-inventory/versions/f0d09f7928a8b9d0/files/e3ca64a8cc8e6e0526093947aa6dbd6c3769a5ce77b56b3d933846033458e1f5 [none]
[debug] [2022-05-07T15:16:50.290Z] >>> [apiv2][body] POST https://upload-firebasehosting.googleapis.com/upload/sites/laptop-city-inventory/versions/f0d09f7928a8b9d0/files/e3ca64a8cc8e6e0526093947aa6dbd6c3769a5ce77b56b3d933846033458e1f5 [stream]
[debug] [2022-05-07T15:16:50.291Z] >>> [apiv2][query] POST https://upload-firebasehosting.googleapis.com/upload/sites/laptop-city-inventory/versions/f0d09f7928a8b9d0/files/ee7e2f3fdb8209c4b6fd7bef6ba50d1b9dba30a25bb5c3126df057e1cb6f5331 [none]
[debug] [2022-05-07T15:16:50.291Z] >>> [apiv2][body] POST https://upload-firebasehosting.googleapis.com/upload/sites/laptop-city-inventory/versions/f0d09f7928a8b9d0/files/ee7e2f3fdb8209c4b6fd7bef6ba50d1b9dba30a25bb5c3126df057e1cb6f5331 [stream]
[debug] [2022-05-07T15:16:50.293Z] >>> [apiv2][query] POST https://upload-firebasehosting.googleapis.com/upload/sites/laptop-city-inventory/versions/f0d09f7928a8b9d0/files/e99cc926b441eba8ad54f843c4bf6c18e1b1ac7d453e9a03ef0ff3485aa4754b [none]
[debug] [2022-05-07T15:16:50.293Z] >>> [apiv2][body] POST https://upload-firebasehosting.googleapis.com/upload/sites/laptop-city-inventory/versions/f0d09f7928a8b9d0/files/e99cc926b441eba8ad54f843c4bf6c18e1b1ac7d453e9a03ef0ff3485aa4754b [stream]
[debug] [2022-05-07T15:16:50.294Z] >>> [apiv2][query] POST https://upload-firebasehosting.googleapis.com/upload/sites/laptop-city-inventory/versions/f0d09f7928a8b9d0/files/aff3449bdc238776f5d6d967f19ec491b36aed5fb7f23ccff6500736fd58494a [none]
[debug] [2022-05-07T15:16:50.294Z] >>> [apiv2][body] POST https://upload-firebasehosting.googleapis.com/upload/sites/laptop-city-inventory/versions/f0d09f7928a8b9d0/files/aff3449bdc238776f5d6d967f19ec491b36aed5fb7f23ccff6500736fd58494a [stream]
[debug] [2022-05-07T15:16:50.295Z] >>> [apiv2][query] POST https://upload-firebasehosting.googleapis.com/upload/sites/laptop-city-inventory/versions/f0d09f7928a8b9d0/files/2fe91d0cd7e98900ba77807fec9a3d9f1599ea6fc124394fc78f6c2e00ac3745 [none]
[debug] [2022-05-07T15:16:50.295Z] >>> [apiv2][body] POST https://upload-firebasehosting.googleapis.com/upload/sites/laptop-city-inventory/versions/f0d09f7928a8b9d0/files/2fe91d0cd7e98900ba77807fec9a3d9f1599ea6fc124394fc78f6c2e00ac3745 [stream]
[debug] [2022-05-07T15:16:50.297Z] >>> [apiv2][query] POST https://upload-firebasehosting.googleapis.com/upload/sites/laptop-city-inventory/versions/f0d09f7928a8b9d0/files/d47be4064743ed233b07a9e79ca91e29a086ec0af69e21280ec62e54771c92de [none]
[debug] [2022-05-07T15:16:50.297Z] >>> [apiv2][body] POST https://upload-firebasehosting.googleapis.com/upload/sites/laptop-city-inventory/versions/f0d09f7928a8b9d0/files/d47be4064743ed233b07a9e79ca91e29a086ec0af69e21280ec62e54771c92de [stream]
[debug] [2022-05-07T15:16:50.299Z] >>> [apiv2][query] POST https://upload-firebasehosting.googleapis.com/upload/sites/laptop-city-inventory/versions/f0d09f7928a8b9d0/files/25cd6da4843cdc98e2bf3d44c708af5c19be55dbac694b5fbaba20e31155464d [none]
[debug] [2022-05-07T15:16:50.299Z] >>> [apiv2][body] POST https://upload-firebasehosting.googleapis.com/upload/sites/laptop-city-inventory/versions/f0d09f7928a8b9d0/files/25cd6da4843cdc98e2bf3d44c708af5c19be55dbac694b5fbaba20e31155464d [stream]
[debug] [2022-05-07T15:16:50.300Z] >>> [apiv2][query] POST https://upload-firebasehosting.googleapis.com/upload/sites/laptop-city-inventory/versions/f0d09f7928a8b9d0/files/d8bf059e38ca75fc15b2ae54d9c04d8a3fa697049f78be38719315f3825143f0 [none]
[debug] [2022-05-07T15:16:50.300Z] >>> [apiv2][body] POST https://upload-firebasehosting.googleapis.com/upload/sites/laptop-city-inventory/versions/f0d09f7928a8b9d0/files/d8bf059e38ca75fc15b2ae54d9c04d8a3fa697049f78be38719315f3825143f0 [stream]
[debug] [2022-05-07T15:16:50.301Z] >>> [apiv2][query] POST https://upload-firebasehosting.googleapis.com/upload/sites/laptop-city-inventory/versions/f0d09f7928a8b9d0/files/a76bf9a55ed193a0637b26161b670d1668f47d8d229f3a9a719103acac7e19a8 [none]
[debug] [2022-05-07T15:16:50.301Z] >>> [apiv2][body] POST https://upload-firebasehosting.googleapis.com/upload/sites/laptop-city-inventory/versions/f0d09f7928a8b9d0/files/a76bf9a55ed193a0637b26161b670d1668f47d8d229f3a9a719103acac7e19a8 [stream]
[debug] [2022-05-07T15:16:50.305Z] >>> [apiv2][query] POST https://upload-firebasehosting.googleapis.com/upload/sites/laptop-city-inventory/versions/f0d09f7928a8b9d0/files/bfe106a3fb878dc83461c86818bf74fc1bdc7f28538ba613cd3e775516ce8b49 [none]
[debug] [2022-05-07T15:16:50.305Z] >>> [apiv2][body] POST https://upload-firebasehosting.googleapis.com/upload/sites/laptop-city-inventory/versions/f0d09f7928a8b9d0/files/bfe106a3fb878dc83461c86818bf74fc1bdc7f28538ba613cd3e775516ce8b49 [stream]
[debug] [2022-05-07T15:16:50.306Z] >>> [apiv2][query] POST https://upload-firebasehosting.googleapis.com/upload/sites/laptop-city-inventory/versions/f0d09f7928a8b9d0/files/d701bc9f3e67d37e53855f24b6b803dbbf9ec3dc74715c4f79ea9755abc7b23d [none]
[debug] [2022-05-07T15:16:50.306Z] >>> [apiv2][body] POST https://upload-firebasehosting.googleapis.com/upload/sites/laptop-city-inventory/versions/f0d09f7928a8b9d0/files/d701bc9f3e67d37e53855f24b6b803dbbf9ec3dc74715c4f79ea9755abc7b23d [stream]
[debug] [2022-05-07T15:16:50.307Z] >>> [apiv2][query] POST https://upload-firebasehosting.googleapis.com/upload/sites/laptop-city-inventory/versions/f0d09f7928a8b9d0/files/88358023161afbcbbe87bc6cbeb79facaf53fd3232b2bc2cca07c95b7ff44023 [none]
[debug] [2022-05-07T15:16:50.308Z] >>> [apiv2][body] POST https://upload-firebasehosting.googleapis.com/upload/sites/laptop-city-inventory/versions/f0d09f7928a8b9d0/files/88358023161afbcbbe87bc6cbeb79facaf53fd3232b2bc2cca07c95b7ff44023 [stream]
[debug] [2022-05-07T15:16:50.309Z] >>> [apiv2][query] POST https://upload-firebasehosting.googleapis.com/upload/sites/laptop-city-inventory/versions/f0d09f7928a8b9d0/files/da390454f496da134ef3072b9917c2af5ec04f8fefb54e52c963a2b4d0181696 [none]
[debug] [2022-05-07T15:16:50.309Z] >>> [apiv2][body] POST https://upload-firebasehosting.googleapis.com/upload/sites/laptop-city-inventory/versions/f0d09f7928a8b9d0/files/da390454f496da134ef3072b9917c2af5ec04f8fefb54e52c963a2b4d0181696 [stream]
[debug] [2022-05-07T15:16:50.310Z] >>> [apiv2][query] POST https://upload-firebasehosting.googleapis.com/upload/sites/laptop-city-inventory/versions/f0d09f7928a8b9d0/files/6c3fed598cddf512f7c7b07d98b36fd1107041cd7a82fd2fcf9a13be327cab48 [none]
[debug] [2022-05-07T15:16:50.310Z] >>> [apiv2][body] POST https://upload-firebasehosting.googleapis.com/upload/sites/laptop-city-inventory/versions/f0d09f7928a8b9d0/files/6c3fed598cddf512f7c7b07d98b36fd1107041cd7a82fd2fcf9a13be327cab48 [stream]
[debug] [2022-05-07T15:16:50.311Z] >>> [apiv2][query] POST https://upload-firebasehosting.googleapis.com/upload/sites/laptop-city-inventory/versions/f0d09f7928a8b9d0/files/81ab9a92c3739eaa4d8d94665e55e54b2acd7d2fae49b218e6a3f6e7b31edb4c [none]
[debug] [2022-05-07T15:16:50.311Z] >>> [apiv2][body] POST https://upload-firebasehosting.googleapis.com/upload/sites/laptop-city-inventory/versions/f0d09f7928a8b9d0/files/81ab9a92c3739eaa4d8d94665e55e54b2acd7d2fae49b218e6a3f6e7b31edb4c [stream]
[debug] [2022-05-07T15:16:50.312Z] [hosting][populate queue][FINAL] {"max":4826,"min":4826,"avg":4826,"active":0,"complete":1,"success":1,"errored":0,"retried":0,"total":1,"elapsed":4853}
[debug] [2022-05-07T15:16:50.313Z] [hosting] uploads queued: 18
[debug] [2022-05-07T15:16:59.276Z] <<< [apiv2][status] POST https://upload-firebasehosting.googleapis.com/upload/sites/laptop-city-inventory/versions/f0d09f7928a8b9d0/files/88358023161afbcbbe87bc6cbeb79facaf53fd3232b2bc2cca07c95b7ff44023 200
[debug] [2022-05-07T15:16:59.276Z] <<< [apiv2][body] POST https://upload-firebasehosting.googleapis.com/upload/sites/laptop-city-inventory/versions/f0d09f7928a8b9d0/files/88358023161afbcbbe87bc6cbeb79facaf53fd3232b2bc2cca07c95b7ff44023 [stream]
[debug] [2022-05-07T15:17:00.140Z] <<< [apiv2][status] POST https://upload-firebasehosting.googleapis.com/upload/sites/laptop-city-inventory/versions/f0d09f7928a8b9d0/files/04f83a24e00de979be8716bd4480cd2405f9172f5390bcd50269a1d2b5f30c9d 200
[debug] [2022-05-07T15:17:00.140Z] <<< [apiv2][body] POST https://upload-firebasehosting.googleapis.com/upload/sites/laptop-city-inventory/versions/f0d09f7928a8b9d0/files/04f83a24e00de979be8716bd4480cd2405f9172f5390bcd50269a1d2b5f30c9d [stream]
[debug] [2022-05-07T15:17:00.167Z] <<< [apiv2][status] POST https://upload-firebasehosting.googleapis.com/upload/sites/laptop-city-inventory/versions/f0d09f7928a8b9d0/files/3ee59515172ee198f3be375979df15ac5345183e656720a381b8872b2a39dc8b 200
[debug] [2022-05-07T15:17:00.167Z] <<< [apiv2][body] POST https://upload-firebasehosting.googleapis.com/upload/sites/laptop-city-inventory/versions/f0d09f7928a8b9d0/files/3ee59515172ee198f3be375979df15ac5345183e656720a381b8872b2a39dc8b [stream]
[debug] [2022-05-07T15:17:00.399Z] <<< [apiv2][status] POST https://upload-firebasehosting.googleapis.com/upload/sites/laptop-city-inventory/versions/f0d09f7928a8b9d0/files/d8bf059e38ca75fc15b2ae54d9c04d8a3fa697049f78be38719315f3825143f0 200
[debug] [2022-05-07T15:17:00.399Z] <<< [apiv2][body] POST https://upload-firebasehosting.googleapis.com/upload/sites/laptop-city-inventory/versions/f0d09f7928a8b9d0/files/d8bf059e38ca75fc15b2ae54d9c04d8a3fa697049f78be38719315f3825143f0 [stream]
[debug] [2022-05-07T15:17:00.518Z] <<< [apiv2][status] POST https://upload-firebasehosting.googleapis.com/upload/sites/laptop-city-inventory/versions/f0d09f7928a8b9d0/files/55d086a38f1931f2bf1d16c1573abd4ed76e6d5fb3edd5d5f82078ac38c7573a 200
[debug] [2022-05-07T15:17:00.519Z] <<< [apiv2][body] POST https://upload-firebasehosting.googleapis.com/upload/sites/laptop-city-inventory/versions/f0d09f7928a8b9d0/files/55d086a38f1931f2bf1d16c1573abd4ed76e6d5fb3edd5d5f82078ac38c7573a [stream]
[debug] [2022-05-07T15:17:00.608Z] <<< [apiv2][status] POST https://upload-firebasehosting.googleapis.com/upload/sites/laptop-city-inventory/versions/f0d09f7928a8b9d0/files/da390454f496da134ef3072b9917c2af5ec04f8fefb54e52c963a2b4d0181696 200
[debug] [2022-05-07T15:17:00.609Z] <<< [apiv2][body] POST https://upload-firebasehosting.googleapis.com/upload/sites/laptop-city-inventory/versions/f0d09f7928a8b9d0/files/da390454f496da134ef3072b9917c2af5ec04f8fefb54e52c963a2b4d0181696 [stream]
[debug] [2022-05-07T15:17:00.744Z] <<< [apiv2][status] POST https://upload-firebasehosting.googleapis.com/upload/sites/laptop-city-inventory/versions/f0d09f7928a8b9d0/files/d47be4064743ed233b07a9e79ca91e29a086ec0af69e21280ec62e54771c92de 200
[debug] [2022-05-07T15:17:00.744Z] <<< [apiv2][body] POST https://upload-firebasehosting.googleapis.com/upload/sites/laptop-city-inventory/versions/f0d09f7928a8b9d0/files/d47be4064743ed233b07a9e79ca91e29a086ec0af69e21280ec62e54771c92de [stream]
[debug] [2022-05-07T15:17:00.750Z] <<< [apiv2][status] POST https://upload-firebasehosting.googleapis.com/upload/sites/laptop-city-inventory/versions/f0d09f7928a8b9d0/files/bfe106a3fb878dc83461c86818bf74fc1bdc7f28538ba613cd3e775516ce8b49 200
[debug] [2022-05-07T15:17:00.751Z] <<< [apiv2][body] POST https://upload-firebasehosting.googleapis.com/upload/sites/laptop-city-inventory/versions/f0d09f7928a8b9d0/files/bfe106a3fb878dc83461c86818bf74fc1bdc7f28538ba613cd3e775516ce8b49 [stream]
[debug] [2022-05-07T15:17:00.953Z] <<< [apiv2][status] POST https://upload-firebasehosting.googleapis.com/upload/sites/laptop-city-inventory/versions/f0d09f7928a8b9d0/files/2fe91d0cd7e98900ba77807fec9a3d9f1599ea6fc124394fc78f6c2e00ac3745 200
[debug] [2022-05-07T15:17:00.953Z] <<< [apiv2][body] POST https://upload-firebasehosting.googleapis.com/upload/sites/laptop-city-inventory/versions/f0d09f7928a8b9d0/files/2fe91d0cd7e98900ba77807fec9a3d9f1599ea6fc124394fc78f6c2e00ac3745 [stream]
[debug] [2022-05-07T15:17:00.954Z] <<< [apiv2][status] POST https://upload-firebasehosting.googleapis.com/upload/sites/laptop-city-inventory/versions/f0d09f7928a8b9d0/files/d701bc9f3e67d37e53855f24b6b803dbbf9ec3dc74715c4f79ea9755abc7b23d 200
[debug] [2022-05-07T15:17:00.954Z] <<< [apiv2][body] POST https://upload-firebasehosting.googleapis.com/upload/sites/laptop-city-inventory/versions/f0d09f7928a8b9d0/files/d701bc9f3e67d37e53855f24b6b803dbbf9ec3dc74715c4f79ea9755abc7b23d [stream]
[debug] [2022-05-07T15:17:00.995Z] <<< [apiv2][status] POST https://upload-firebasehosting.googleapis.com/upload/sites/laptop-city-inventory/versions/f0d09f7928a8b9d0/files/e3ca64a8cc8e6e0526093947aa6dbd6c3769a5ce77b56b3d933846033458e1f5 200
[debug] [2022-05-07T15:17:00.995Z] <<< [apiv2][body] POST https://upload-firebasehosting.googleapis.com/upload/sites/laptop-city-inventory/versions/f0d09f7928a8b9d0/files/e3ca64a8cc8e6e0526093947aa6dbd6c3769a5ce77b56b3d933846033458e1f5 [stream]
[debug] [2022-05-07T15:17:01.010Z] <<< [apiv2][status] POST https://upload-firebasehosting.googleapis.com/upload/sites/laptop-city-inventory/versions/f0d09f7928a8b9d0/files/aff3449bdc238776f5d6d967f19ec491b36aed5fb7f23ccff6500736fd58494a 200
[debug] [2022-05-07T15:17:01.010Z] <<< [apiv2][body] POST https://upload-firebasehosting.googleapis.com/upload/sites/laptop-city-inventory/versions/f0d09f7928a8b9d0/files/aff3449bdc238776f5d6d967f19ec491b36aed5fb7f23ccff6500736fd58494a [stream]
[debug] [2022-05-07T15:17:01.017Z] <<< [apiv2][status] POST https://upload-firebasehosting.googleapis.com/upload/sites/laptop-city-inventory/versions/f0d09f7928a8b9d0/files/ee7e2f3fdb8209c4b6fd7bef6ba50d1b9dba30a25bb5c3126df057e1cb6f5331 200
[debug] [2022-05-07T15:17:01.018Z] <<< [apiv2][body] POST https://upload-firebasehosting.googleapis.com/upload/sites/laptop-city-inventory/versions/f0d09f7928a8b9d0/files/ee7e2f3fdb8209c4b6fd7bef6ba50d1b9dba30a25bb5c3126df057e1cb6f5331 [stream]
[debug] [2022-05-07T15:17:01.464Z] <<< [apiv2][status] POST https://upload-firebasehosting.googleapis.com/upload/sites/laptop-city-inventory/versions/f0d09f7928a8b9d0/files/25cd6da4843cdc98e2bf3d44c708af5c19be55dbac694b5fbaba20e31155464d 200
[debug] [2022-05-07T15:17:01.464Z] <<< [apiv2][body] POST https://upload-firebasehosting.googleapis.com/upload/sites/laptop-city-inventory/versions/f0d09f7928a8b9d0/files/25cd6da4843cdc98e2bf3d44c708af5c19be55dbac694b5fbaba20e31155464d [stream]
[debug] [2022-05-07T15:17:01.756Z] <<< [apiv2][status] POST https://upload-firebasehosting.googleapis.com/upload/sites/laptop-city-inventory/versions/f0d09f7928a8b9d0/files/e99cc926b441eba8ad54f843c4bf6c18e1b1ac7d453e9a03ef0ff3485aa4754b 200
[debug] [2022-05-07T15:17:01.756Z] <<< [apiv2][body] POST https://upload-firebasehosting.googleapis.com/upload/sites/laptop-city-inventory/versions/f0d09f7928a8b9d0/files/e99cc926b441eba8ad54f843c4bf6c18e1b1ac7d453e9a03ef0ff3485aa4754b [stream]
[debug] [2022-05-07T15:17:02.068Z] <<< [apiv2][status] POST https://upload-firebasehosting.googleapis.com/upload/sites/laptop-city-inventory/versions/f0d09f7928a8b9d0/files/81ab9a92c3739eaa4d8d94665e55e54b2acd7d2fae49b218e6a3f6e7b31edb4c 200
[debug] [2022-05-07T15:17:02.068Z] <<< [apiv2][body] POST https://upload-firebasehosting.googleapis.com/upload/sites/laptop-city-inventory/versions/f0d09f7928a8b9d0/files/81ab9a92c3739eaa4d8d94665e55e54b2acd7d2fae49b218e6a3f6e7b31edb4c [stream]
[debug] [2022-05-07T15:17:02.282Z] <<< [apiv2][status] POST https://upload-firebasehosting.googleapis.com/upload/sites/laptop-city-inventory/versions/f0d09f7928a8b9d0/files/6c3fed598cddf512f7c7b07d98b36fd1107041cd7a82fd2fcf9a13be327cab48 200
[debug] [2022-05-07T15:17:02.283Z] <<< [apiv2][body] POST https://upload-firebasehosting.googleapis.com/upload/sites/laptop-city-inventory/versions/f0d09f7928a8b9d0/files/6c3fed598cddf512f7c7b07d98b36fd1107041cd7a82fd2fcf9a13be327cab48 [stream]
[debug] [2022-05-07T15:17:14.198Z] <<< [apiv2][status] POST https://upload-firebasehosting.googleapis.com/upload/sites/laptop-city-inventory/versions/f0d09f7928a8b9d0/files/a76bf9a55ed193a0637b26161b670d1668f47d8d229f3a9a719103acac7e19a8 200
[debug] [2022-05-07T15:17:14.198Z] <<< [apiv2][body] POST https://upload-firebasehosting.googleapis.com/upload/sites/laptop-city-inventory/versions/f0d09f7928a8b9d0/files/a76bf9a55ed193a0637b26161b670d1668f47d8d229f3a9a719103acac7e19a8 [stream]
[debug] [2022-05-07T15:17:14.199Z] [hosting][upload queue][FINAL] {"max":23914,"min":8991,"avg":11344.111111111111,"active":0,"complete":18,"success":18,"errored":0,"retried":0,"total":18,"elapsed":23917}
[info] +  hosting[laptop-city-inventory]: file upload complete 
[debug] [2022-05-07T15:17:14.199Z] [hosting] deploy completed after 29474ms
[debug] [2022-05-07T15:17:14.203Z] [
  {
    "config": {
      "public": "build",
      "ignore": [
        "firebase.json",
        "**/.*",
        "**/node_modules/**"
      ],
      "rewrites": [
        {
          "source": "**",
          "destination": "/index.html"
        }
      ],
      "site": "laptop-city-inventory"
    },
    "site": "laptop-city-inventory",
    "version": "projects/611412048751/sites/laptop-city-inventory/versions/f0d09f7928a8b9d0"
  }
]
[info] i  hosting[laptop-city-inventory]: finalizing version... 
[debug] [2022-05-07T15:17:14.205Z] >>> [apiv2][query] PATCH https://firebasehosting.googleapis.com/v1beta1/projects/611412048751/sites/laptop-city-inventory/versions/f0d09f7928a8b9d0 updateMask=status
[debug] [2022-05-07T15:17:14.205Z] >>> [apiv2][body] PATCH https://firebasehosting.googleapis.com/v1beta1/projects/611412048751/sites/laptop-city-inventory/versions/f0d09f7928a8b9d0 {"status":"FINALIZED"}
[debug] [2022-05-07T15:17:16.510Z] <<< [apiv2][status] PATCH https://firebasehosting.googleapis.com/v1beta1/projects/611412048751/sites/laptop-city-inventory/versions/f0d09f7928a8b9d0 200
[debug] [2022-05-07T15:17:16.510Z] <<< [apiv2][body] PATCH https://firebasehosting.googleapis.com/v1beta1/projects/611412048751/sites/laptop-city-inventory/versions/f0d09f7928a8b9d0 {"name":"projects/611412048751/sites/laptop-city-inventory/versions/f0d09f7928a8b9d0","status":"FINALIZED","config":{"rewrites":[{"glob":"**","path":"/index.html"}]},"labels":{"deployment-tool":"cli-firebase"},"createTime":"2022-05-07T15:16:43.512667Z","createUser":{"email":"arif.vtti@gmail.com"},"finalizeTime":"2022-05-07T15:17:16.395543Z","finalizeUser":{"email":"arif.vtti@gmail.com"}}
[debug] [2022-05-07T15:17:16.510Z] [hosting] finalized version for laptop-city-inventory:[object Object]
[info] +  hosting[laptop-city-inventory]: version finalized 
[info] i  hosting[laptop-city-inventory]: releasing new version... 
[debug] [2022-05-07T15:17:16.513Z] >>> [apiv2][query] POST https://firebasehosting.googleapis.com/v1beta1/projects/611412048751/sites/laptop-city-inventory/releases versionName=projects%2F611412048751%2Fsites%2Flaptop-city-inventory%2Fversions%2Ff0d09f7928a8b9d0
[debug] [2022-05-07T15:17:16.514Z] >>> [apiv2][body] POST https://firebasehosting.googleapis.com/v1beta1/projects/611412048751/sites/laptop-city-inventory/releases {"message":null}
[debug] [2022-05-07T15:17:18.635Z] <<< [apiv2][status] POST https://firebasehosting.googleapis.com/v1beta1/projects/611412048751/sites/laptop-city-inventory/releases 200
[debug] [2022-05-07T15:17:18.635Z] <<< [apiv2][body] POST https://firebasehosting.googleapis.com/v1beta1/projects/611412048751/sites/laptop-city-inventory/releases {"name":"projects/611412048751/sites/laptop-city-inventory/releases/1651936637925721","version":{"name":"projects/611412048751/sites/laptop-city-inventory/versions/f0d09f7928a8b9d0","status":"FINALIZED","config":{"rewrites":[{"glob":"**","path":"/index.html"}]},"labels":{"deployment-tool":"cli-firebase"},"createTime":"2022-05-07T15:16:43.512667Z","createUser":{"email":"arif.vtti@gmail.com","imageUrl":"https://lh3.googleusercontent.com/a/AATXAJzNt9p7AOVqRqaspPr73pOksNK9zrWbFqYTb-6A=mo"},"finalizeTime":"2022-05-07T15:17:16.395543Z","finalizeUser":{"email":"arif.vtti@gmail.com","imageUrl":"https://lh3.googleusercontent.com/a/AATXAJzNt9p7AOVqRqaspPr73pOksNK9zrWbFqYTb-6A=mo"}},"type":"DEPLOY","releaseTime":"2022-05-07T15:17:17.925721405Z","releaseUser":{"email":"arif.vtti@gmail.com","imageUrl":"https://lh3.googleusercontent.com/a/AATXAJzNt9p7AOVqRqaspPr73pOksNK9zrWbFqYTb-6A=mo"}}
[debug] [2022-05-07T15:17:18.635Z] [hosting] release: {"name":"projects/611412048751/sites/laptop-city-inventory/releases/1651936637925721","version":{"name":"projects/611412048751/sites/laptop-city-inventory/versions/f0d09f7928a8b9d0","status":"FINALIZED","config":{"rewrites":[{"glob":"**","path":"/index.html"}]},"labels":{"deployment-tool":"cli-firebase"},"createTime":"2022-05-07T15:16:43.512667Z","createUser":{"email":"arif.vtti@gmail.com","imageUrl":"https://lh3.googleusercontent.com/a/AATXAJzNt9p7AOVqRqaspPr73pOksNK9zrWbFqYTb-6A=mo"},"finalizeTime":"2022-05-07T15:17:16.395543Z","finalizeUser":{"email":"arif.vtti@gmail.com","imageUrl":"https://lh3.googleusercontent.com/a/AATXAJzNt9p7AOVqRqaspPr73pOksNK9zrWbFqYTb-6A=mo"}},"type":"DEPLOY","releaseTime":"2022-05-07T15:17:17.925721405Z","releaseUser":{"email":"arif.vtti@gmail.com","imageUrl":"https://lh3.googleusercontent.com/a/AATXAJzNt9p7AOVqRqaspPr73pOksNK9zrWbFqYTb-6A=mo"}}
[info] +  hosting[laptop-city-inventory]: release complete 
[info] 
[info] +  Deploy complete! 
[info] 
[info] Project Console: https://console.firebase.google.com/project/laptop-city-inventory/overview
[info] Hosting URL: https://laptop-city-inventory.web.app
